[debug] [2020-07-01T20:20:47.018Z] ----------------------------------------------------------------------
[debug] [2020-07-01T20:20:47.020Z] Command:       C:\Program Files\nodejs\node.exe C:\Users\Konrad\AppData\Roaming\npm\node_modules\firebase-tools\lib\bin\firebase.js login
[debug] [2020-07-01T20:20:47.020Z] CLI Version:   8.4.3
[debug] [2020-07-01T20:20:47.020Z] Platform:      win32
[debug] [2020-07-01T20:20:47.021Z] Node Version:  v14.4.0
[debug] [2020-07-01T20:20:47.021Z] Time:          Wed Jul 01 2020 22:20:47 GMT+0200 (czas środkowoeuropejski letni)
[debug] [2020-07-01T20:20:47.022Z] ----------------------------------------------------------------------
[debug] [2020-07-01T20:20:47.022Z] 
[info] i  Firebase optionally collects CLI usage and error reporting information to help improve our products. Data is collected in accordance with Google's privacy policy (https://policies.google.com/privacy) and is not used to identify you.
 
[info] i  To change your data collection preference at any time, run `firebase logout` and log in again. 
[info] 
[info] Visit this URL on this device to log in:
[info] https://accounts.google.com/o/oauth2/auth?client_id=563584335869-fgrhgmd47bqnekij5i8b5pr03ho849e6.apps.googleusercontent.com&scope=email%20openid%20https%3A%2F%2Fwww.googleapis.com%2Fauth%2Fcloudplatformprojects.readonly%20https%3A%2F%2Fwww.googleapis.com%2Fauth%2Ffirebase%20https%3A%2F%2Fwww.googleapis.com%2Fauth%2Fcloud-platform&response_type=code&state=590549780&redirect_uri=http%3A%2F%2Flocalhost%3A9005
[info] 
[info] Waiting for authentication...
[debug] [2020-07-01T20:21:03.798Z] Error: spawn cmd ENOENT
    at Process.ChildProcess._handle.onexit (internal/child_process.js:268:19)
    at onErrorNT (internal/child_process.js:468:16)
    at processTicksAndRejections (internal/process/task_queues.js:84:21)
[error] 
[error] Error: An unexpected error has occurred.
